<?xml version="1.0" encoding="UTF-8"?>
<!-- Generated by org.testng.reporters.JUnitReportReporter -->
<testsuite skipped="0" hostname="DESKTOP-JUT61QE" name="com.bitm.SeleniumOnlineProject1.Test.AssignLeaveTest" tests="1" failures="0" timestamp="2021-01-12T14:02:20 PST" time="2.001" errors="0">
  <testcase name="assignleavetest" time="2.001" classname="com.bitm.SeleniumOnlineProject1.Test.AssignLeaveTest"/>
  <system-out/>
</testsuite> <!-- com.bitm.SeleniumOnlineProject1.Test.AssignLeaveTest -->
